c:\users\blaze\desktop\programming\projects\mudle\mudle\x64\debug\vc143.pdb
c:\users\blaze\desktop\programming\projects\mudle\mudle\x64\debug\qrc_mudle.obj
c:\users\blaze\desktop\programming\projects\mudle\mudle\x64\debug\mudle.obj
c:\users\blaze\desktop\programming\projects\mudle\mudle\x64\debug\main.obj
c:\users\blaze\desktop\programming\projects\mudle\mudle\x64\debug\moc_mudle.obj
c:\users\blaze\desktop\programming\projects\mudle\x64\debug\mudle.ilk
c:\users\blaze\desktop\programming\projects\mudle\x64\debug\mudle.exe
c:\users\blaze\desktop\programming\projects\mudle\x64\debug\mudle.pdb
c:\users\blaze\desktop\programming\projects\mudle\mudle\x64\debug\moc\moc_mudle.cpp
c:\users\blaze\desktop\programming\projects\mudle\mudle\x64\debug\uic\ui_mudle.h
c:\users\blaze\desktop\programming\projects\mudle\mudle\x64\debug\rcc\qrc_mudle.cpp
c:\users\blaze\desktop\programming\projects\mudle\mudle\x64\debug\mudle.tlog\cl.command.1.tlog
c:\users\blaze\desktop\programming\projects\mudle\mudle\x64\debug\mudle.tlog\cl.read.1.tlog
c:\users\blaze\desktop\programming\projects\mudle\mudle\x64\debug\mudle.tlog\cl.write.1.tlog
c:\users\blaze\desktop\programming\projects\mudle\mudle\x64\debug\mudle.tlog\link.command.1.tlog
c:\users\blaze\desktop\programming\projects\mudle\mudle\x64\debug\mudle.tlog\link.read.1.tlog
c:\users\blaze\desktop\programming\projects\mudle\mudle\x64\debug\mudle.tlog\link.write.1.tlog
c:\users\blaze\desktop\programming\projects\mudle\mudle\x64\debug\mudle.tlog\moc.read.1u.tlog
c:\users\blaze\desktop\programming\projects\mudle\mudle\x64\debug\mudle.tlog\moc.write.1u.tlog
c:\users\blaze\desktop\programming\projects\mudle\mudle\x64\debug\mudle.tlog\mudle.write.1u.tlog
c:\users\blaze\desktop\programming\projects\mudle\mudle\x64\debug\mudle.tlog\rcc.read.1u.tlog
c:\users\blaze\desktop\programming\projects\mudle\mudle\x64\debug\mudle.tlog\rcc.write.1u.tlog
c:\users\blaze\desktop\programming\projects\mudle\mudle\x64\debug\mudle.tlog\uic.read.1u.tlog
c:\users\blaze\desktop\programming\projects\mudle\mudle\x64\debug\mudle.tlog\uic.write.1u.tlog
